{
  "RSpec": {
    "coverage": {
      "/Users/apprentice/Desktop/pairingboard/pairingboard/app/helpers/application_helper.rb": [
        1,
        1,
        6,
        null,
        null,
        1,
        7,
        null,
        null,
        1,
        0,
        0,
        0,
        null,
        null,
        null,
        null
      ],
      "/Users/apprentice/Desktop/pairingboard/pairingboard/app/models/user.rb": [
        1,
        1,
        1,
        null,
        1,
        null,
        null
      ],
      "/Users/apprentice/Desktop/pairingboard/pairingboard/app/controllers/sessions_controller.rb": [
        1,
        null,
        1,
        null,
        null,
        null,
        1,
        2,
        2,
        2,
        2,
        null,
        0,
        0,
        null,
        null,
        null,
        1,
        1,
        1,
        1,
        1,
        null,
        null,
        null
      ],
      "/Users/apprentice/Desktop/pairingboard/pairingboard/app/controllers/application_controller.rb": [
        1,
        null,
        null,
        1,
        null
      ],
      "/Users/apprentice/Desktop/pairingboard/pairingboard/app/controllers/users_controller.rb": [
        1,
        null,
        1,
        1,
        null,
        null,
        1,
        3,
        null,
        null,
        1,
        0,
        null,
        null,
        1,
        1,
        1,
        1,
        1,
        null,
        0,
        null,
        null,
        null,
        1,
        0,
        0,
        0,
        null,
        0,
        null,
        null,
        null,
        1,
        1,
        1,
        null,
        null,
        null
      ],
      "/Users/apprentice/Desktop/pairingboard/pairingboard/app/models/appointment.rb": [
        0,
        0,
        0,
        0,
        0
      ],
      "/Users/apprentice/Desktop/pairingboard/pairingboard/app/models/offering.rb": [
        0,
        0,
        0,
        0,
        0
      ]
    },
    "timestamp": 1464207982
  }
}
